This is pdfTeX, Version 3.141592653-2.6-1.40.22 (MiKTeX 21.3) (preloaded format=pdflatex 2021.4.8)  13 MAY 2021 19:35
entering extended mode
**./15.tex
(15.tex
LaTeX2e <2020-10-01> patch level 4
L3 programming layer <2021-02-18>
(C:\Users\ktang3\AppData\Local\Programs\MiKTeX\tex/latex/base\article.cls
Document Class: article 2020/04/10 v1.4m Standard LaTeX document class
(C:\Users\ktang3\AppData\Local\Programs\MiKTeX\tex/latex/base\size12.clo
File: size12.clo 2020/04/10 v1.4m Standard LaTeX file (size option)
)
\c@part=\count179
\c@section=\count180
\c@subsection=\count181
\c@subsubsection=\count182
\c@paragraph=\count183
\c@subparagraph=\count184
\c@figure=\count185
\c@table=\count186
\abovecaptionskip=\skip47
\belowcaptionskip=\skip48
\bibindent=\dimen138
)
(C:\Users\ktang3\AppData\Local\Programs\MiKTeX\tex/latex/float\float.sty
Package: float 2001/11/08 v1.3d Float enhancements (AL)
\c@float@type=\count187
\float@exts=\toks15
\float@box=\box47
\@float@everytoks=\toks16
\@floatcapt=\box48
)
(C:\Users\ktang3\AppData\Local\Programs\MiKTeX\tex/latex/psnfss\times.sty
Package: times 2020/03/25 PSNFSS-v9.3 (SPQR) 
)
(C:\Users\ktang3\AppData\Local\Programs\MiKTeX\tex/latex/graphics\graphicx.sty
Package: graphicx 2020/09/09 v1.2b Enhanced LaTeX Graphics (DPC,SPQR)

(C:\Users\ktang3\AppData\Local\Programs\MiKTeX\tex/latex/graphics\keyval.sty
Package: keyval 2014/10/28 v1.15 key=value parser (DPC)
\KV@toks@=\toks17
)
(C:\Users\ktang3\AppData\Local\Programs\MiKTeX\tex/latex/graphics\graphics.sty
Package: graphics 2020/08/30 v1.4c Standard LaTeX Graphics (DPC,SPQR)

(C:\Users\ktang3\AppData\Local\Programs\MiKTeX\tex/latex/graphics\trig.sty
Package: trig 2016/01/03 v1.10 sin cos tan (DPC)
)
(C:\Users\ktang3\AppData\Local\Programs\MiKTeX\tex/latex/graphics-cfg\graphics.
cfg
File: graphics.cfg 2016/06/04 v1.11 sample graphics configuration
)
Package graphics Info: Driver file: pdftex.def on input line 105.

(C:\Users\ktang3\AppData\Local\Programs\MiKTeX\tex/latex/graphics-def\pdftex.de
f
File: pdftex.def 2020/10/05 v1.2a Graphics/color driver for pdftex
))
\Gin@req@height=\dimen139
\Gin@req@width=\dimen140
)
(C:\Users\ktang3\AppData\Local\Programs\MiKTeX\tex/latex/mathtools\mathtools.st
y
Package: mathtools 2021/03/28 v1.26 mathematical typesetting tools
 (C:\Users\ktang3\AppData\Local\Programs\MiKTeX\tex/latex/latex-tools\calc.sty
Package: calc 2017/05/25 v4.3 Infix arithmetic (KKT,FJ)
\calc@Acount=\count188
\calc@Bcount=\count189
\calc@Adimen=\dimen141
\calc@Bdimen=\dimen142
\calc@Askip=\skip49
\calc@Bskip=\skip50
LaTeX Info: Redefining \setlength on input line 80.
LaTeX Info: Redefining \addtolength on input line 81.
\calc@Ccount=\count190
\calc@Cskip=\skip51
)
(C:\Users\ktang3\AppData\Local\Programs\MiKTeX\tex/latex/mathtools\mhsetup.sty
Package: mhsetup 2021/03/18 v1.4 programming setup (MH)
) (C:\Users\ktang3\AppData\Local\Programs\MiKTeX\tex/latex/amsmath\amsmath.sty
Package: amsmath 2020/09/23 v2.17i AMS math features
\@mathmargin=\skip52

For additional information on amsmath, use the `?' option.
(C:\Users\ktang3\AppData\Local\Programs\MiKTeX\tex/latex/amsmath\amstext.sty
Package: amstext 2000/06/29 v2.01 AMS text

(C:\Users\ktang3\AppData\Local\Programs\MiKTeX\tex/latex/amsmath\amsgen.sty
File: amsgen.sty 1999/11/30 v2.0 generic functions
\@emptytoks=\toks18
\ex@=\dimen143
))
(C:\Users\ktang3\AppData\Local\Programs\MiKTeX\tex/latex/amsmath\amsbsy.sty
Package: amsbsy 1999/11/29 v1.2d Bold Symbols
\pmbraise@=\dimen144
)
(C:\Users\ktang3\AppData\Local\Programs\MiKTeX\tex/latex/amsmath\amsopn.sty
Package: amsopn 2016/03/08 v2.02 operator names
)
\inf@bad=\count191
LaTeX Info: Redefining \frac on input line 234.
\uproot@=\count192
\leftroot@=\count193
LaTeX Info: Redefining \overline on input line 399.
\classnum@=\count194
\DOTSCASE@=\count195
LaTeX Info: Redefining \ldots on input line 496.
LaTeX Info: Redefining \dots on input line 499.
LaTeX Info: Redefining \cdots on input line 620.
\Mathstrutbox@=\box49
\strutbox@=\box50
\big@size=\dimen145
LaTeX Font Info:    Redeclaring font encoding OML on input line 743.
LaTeX Font Info:    Redeclaring font encoding OMS on input line 744.
\macc@depth=\count196
\c@MaxMatrixCols=\count197
\dotsspace@=\muskip16
\c@parentequation=\count198
\dspbrk@lvl=\count199
\tag@help=\toks19
\row@=\count266
\column@=\count267
\maxfields@=\count268
\andhelp@=\toks20
\eqnshift@=\dimen146
\alignsep@=\dimen147
\tagshift@=\dimen148
\tagwidth@=\dimen149
\totwidth@=\dimen150
\lineht@=\dimen151
\@envbody=\toks21
\multlinegap=\skip53
\multlinetaggap=\skip54
\mathdisplay@stack=\toks22
LaTeX Info: Redefining \[ on input line 2923.
LaTeX Info: Redefining \] on input line 2924.
)
LaTeX Info: Thecontrolsequence`\('isalreadyrobust on input line 130.
LaTeX Info: Thecontrolsequence`\)'isalreadyrobust on input line 130.
LaTeX Info: Thecontrolsequence`\['isalreadyrobust on input line 130.
LaTeX Info: Thecontrolsequence`\]'isalreadyrobust on input line 130.
\g_MT_multlinerow_int=\count269
\l_MT_multwidth_dim=\dimen152
\origjot=\skip55
\l_MT_shortvdotswithinadjustabove_dim=\dimen153
\l_MT_shortvdotswithinadjustbelow_dim=\dimen154
\l_MT_above_intertext_sep=\dimen155
\l_MT_below_intertext_sep=\dimen156
\l_MT_above_shortintertext_sep=\dimen157
\l_MT_below_shortintertext_sep=\dimen158
\xmathstrut@box=\box51
\xmathstrut@dim=\dimen159
)
(C:\Users\ktang3\AppData\Local\Programs\MiKTeX\tex/latex/amsfonts\amsfonts.sty
Package: amsfonts 2013/01/14 v3.01 Basic AMSFonts support
\symAMSa=\mathgroup4
\symAMSb=\mathgroup5
LaTeX Font Info:    Redeclaring math symbol \hbar on input line 98.
LaTeX Font Info:    Overwriting math alphabet `\mathfrak' in version `bold'
(Font)                  U/euf/m/n --> U/euf/b/n on input line 106.
) (C:\Users\ktang3\AppData\Local\Programs\MiKTeX\tex/latex/amsfonts\amssymb.sty
Package: amssymb 2013/01/14 v3.01 AMS font symbols
) (C:\Users\ktang3\AppData\Local\Programs\MiKTeX\tex/latex/base\latexsym.sty
Package: latexsym 1998/08/17 v2.2e Standard LaTeX package (lasy symbols)
\symlasy=\mathgroup6
LaTeX Font Info:    Overwriting symbol font `lasy' in version `bold'
(Font)                  U/lasy/m/n --> U/lasy/b/n on input line 52.
)
(C:\Users\ktang3\AppData\Local\Programs\MiKTeX\tex/latex/graphics\epsfig.sty
Package: epsfig 2017/06/25 v1.7b (e)psfig emulation (SPQR)
\epsfxsize=\dimen160
\epsfysize=\dimen161
)
(C:\Users\ktang3\AppData\Local\Programs\MiKTeX\tex/latex/caption\caption.sty
Package: caption 2020/10/26 v3.5g Customizing captions (AR)

(C:\Users\ktang3\AppData\Local\Programs\MiKTeX\tex/latex/caption\caption3.sty
Package: caption3 2020/10/21 v2.2e caption3 kernel (AR)
\captionmargin=\dimen162
\captionmargin@=\dimen163
\captionwidth=\dimen164
\caption@tempdima=\dimen165
\caption@indent=\dimen166
\caption@parindent=\dimen167
\caption@hangindent=\dimen168
Package caption Info: Standard document class detected.
)
\c@caption@flags=\count270
\c@continuedfloat=\count271
Package caption Info: float package is loaded.
)
(C:\Users\ktang3\AppData\Local\Programs\MiKTeX\tex/latex/caption\subcaption.sty
Package: subcaption 2020/10/07 v1.3j Sub-captions (AR)
\c@subfigure=\count272
\c@subtable=\count273
) (C:\Users\ktang3\AppData\Local\Programs\MiKTeX\tex/latex/graphics\color.sty
Package: color 2020/02/24 v1.2b Standard LaTeX Color (DPC)

(C:\Users\ktang3\AppData\Local\Programs\MiKTeX\tex/latex/graphics-cfg\color.cfg
File: color.cfg 2016/01/02 v1.6 sample color configuration
)
Package color Info: Driver file: pdftex.def on input line 147.
)
(C:\Users\ktang3\AppData\Local\Programs\MiKTeX\tex/latex/pdfpages\pdfpages.sty
Package: pdfpages 2021/03/06 v0.5t Insert pages of external PDF documents (AM)

(C:\Users\ktang3\AppData\Local\Programs\MiKTeX\tex/latex/base\ifthen.sty
Package: ifthen 2014/09/29 v1.1c Standard LaTeX ifthen package (DPC)
)
(C:\Users\ktang3\AppData\Local\Programs\MiKTeX\tex/latex/eso-pic\eso-pic.sty
Package: eso-pic 2020/10/14 v3.0a eso-pic (RN)
\ESO@tempdima=\dimen169
\ESO@tempdimb=\dimen170
)
\AM@pagewidth=\dimen171
\AM@pageheight=\dimen172
\AM@fboxrule=\dimen173

(C:\Users\ktang3\AppData\Local\Programs\MiKTeX\tex/latex/pdfpages\pppdftex.def
File: pppdftex.def 2021/03/06 v0.5t Pdfpages driver for pdfTeX (AM)
)
\pdfpages@includegraphics@status=\count274
\AM@pagebox=\box52
\AM@global@opts=\toks23
\AM@pagecnt=\count275
\AM@toc@title=\toks24
\c@AM@survey=\count276
\AM@templatesizebox=\box53
) (C:\Users\ktang3\AppData\Local\Programs\MiKTeX\tex/latex/natbib\natbib.sty
Package: natbib 2010/09/13 8.31b (PWD, AO)
\bibhang=\skip56
\bibsep=\skip57
LaTeX Info: Redefining \cite on input line 694.
\c@NAT@ctr=\count277
)
(C:\Users\ktang3\AppData\Local\Programs\MiKTeX\tex/latex/grffile\grffile.sty
Package: grffile 2019/11/11 v2.1 Extended file name support for graphics (legac
y)
Package grffile Info: This package is an empty stub for compatibility on input 
line 40.
)
(C:\Users\ktang3\AppData\Local\Programs\MiKTeX\tex/latex/wrapfig\wrapfig.sty
\wrapoverhang=\dimen174
\WF@size=\dimen175
\c@WF@wrappedlines=\count278
\WF@box=\box54
\WF@everypar=\toks25
Package: wrapfig 2003/01/31  v 3.6
)
(C:\Users\ktang3\AppData\Local\Programs\MiKTeX\tex/latex/url\url.sty
\Urlmuskip=\muskip17
Package: url 2013/09/16  ver 3.4  Verb mode for urls, etc.
)
(C:\Users\ktang3\AppData\Local\Programs\MiKTeX\tex/latex/bbm\bbm.sty
Package: bbm 1999/03/15 V 1.2 provides fonts for set symbols - TH
LaTeX Font Info:    Overwriting math alphabet `\mathbbm' in version `bold'
(Font)                  U/bbm/m/n --> U/bbm/bx/n on input line 33.
LaTeX Font Info:    Overwriting math alphabet `\mathbbmss' in version `bold'
(Font)                  U/bbmss/m/n --> U/bbmss/bx/n on input line 35.
)
(C:\Users\ktang3\AppData\Local\Programs\MiKTeX\tex/latex/tikzsymbols\tikzsymbol
s.sty
(C:\Users\ktang3\AppData\Local\Programs\MiKTeX\tex/latex/l3packages/xparse\xpar
se.sty
(C:\Users\ktang3\AppData\Local\Programs\MiKTeX\tex/latex/l3kernel\expl3.sty
Package: expl3 2021-02-18 L3 programming layer (loader) 

(C:\Users\ktang3\AppData\Local\Programs\MiKTeX\tex/latex/l3backend\l3backend-pd
ftex.def
File: l3backend-pdftex.def 2021-03-18 L3 backend support: PDF output (pdfTeX)
\l__color_backend_stack_int=\count279
\l__pdf_internal_box=\box55
))
(C:\Users\ktang3\AppData\Local\Programs\MiKTeX\tex/latex/l3packages/xparse\xpar
se-2020-10-01.sty
(C:\Users\ktang3\AppData\Local\Programs\MiKTeX\tex/latex/l3packages/xparse\xpar
se-generic.tex)))
Package: tikzsymbols 2019/02/08 v4.10c Some symbols created using tikz and LaTe
X3.

(C:\Users\ktang3\AppData\Local\Programs\MiKTeX\tex/latex/pgf/frontendlayer\tikz
.sty
(C:\Users\ktang3\AppData\Local\Programs\MiKTeX\tex/latex/pgf/basiclayer\pgf.sty

(C:\Users\ktang3\AppData\Local\Programs\MiKTeX\tex/latex/pgf/utilities\pgfrcs.s
ty
(C:\Users\ktang3\AppData\Local\Programs\MiKTeX\tex/generic/pgf/utilities\pgfuti
l-common.tex
\pgfutil@everybye=\toks26
\pgfutil@tempdima=\dimen176
\pgfutil@tempdimb=\dimen177

(C:\Users\ktang3\AppData\Local\Programs\MiKTeX\tex/generic/pgf/utilities\pgfuti
l-common-lists.tex))
(C:\Users\ktang3\AppData\Local\Programs\MiKTeX\tex/generic/pgf/utilities\pgfuti
l-latex.def
\pgfutil@abb=\box56
)
(C:\Users\ktang3\AppData\Local\Programs\MiKTeX\tex/generic/pgf/utilities\pgfrcs
.code.tex
(C:\Users\ktang3\AppData\Local\Programs\MiKTeX\tex/generic/pgf\pgf.revision.tex
)
Package: pgfrcs 2020/12/27 v3.1.8b (3.1.8b)
))
Package: pgf 2020/12/27 v3.1.8b (3.1.8b)

(C:\Users\ktang3\AppData\Local\Programs\MiKTeX\tex/latex/pgf/basiclayer\pgfcore
.sty
(C:\Users\ktang3\AppData\Local\Programs\MiKTeX\tex/latex/pgf/systemlayer\pgfsys
.sty
(C:\Users\ktang3\AppData\Local\Programs\MiKTeX\tex/generic/pgf/systemlayer\pgfs
ys.code.tex
Package: pgfsys 2020/12/27 v3.1.8b (3.1.8b)

(C:\Users\ktang3\AppData\Local\Programs\MiKTeX\tex/generic/pgf/utilities\pgfkey
s.code.tex
\pgfkeys@pathtoks=\toks27
\pgfkeys@temptoks=\toks28

(C:\Users\ktang3\AppData\Local\Programs\MiKTeX\tex/generic/pgf/utilities\pgfkey
sfiltered.code.tex
\pgfkeys@tmptoks=\toks29
))
\pgf@x=\dimen178
\pgf@y=\dimen179
\pgf@xa=\dimen180
\pgf@ya=\dimen181
\pgf@xb=\dimen182
\pgf@yb=\dimen183
\pgf@xc=\dimen184
\pgf@yc=\dimen185
\pgf@xd=\dimen186
\pgf@yd=\dimen187
\w@pgf@writea=\write3
\r@pgf@reada=\read2
\c@pgf@counta=\count280
\c@pgf@countb=\count281
\c@pgf@countc=\count282
\c@pgf@countd=\count283
\t@pgf@toka=\toks30
\t@pgf@tokb=\toks31
\t@pgf@tokc=\toks32
\pgf@sys@id@count=\count284

(C:\Users\ktang3\AppData\Local\Programs\MiKTeX\tex/generic/pgf/systemlayer\pgf.
cfg
File: pgf.cfg 2020/12/27 v3.1.8b (3.1.8b)
)
Driver file for pgf: pgfsys-pdftex.def

(C:\Users\ktang3\AppData\Local\Programs\MiKTeX\tex/generic/pgf/systemlayer\pgfs
ys-pdftex.def
File: pgfsys-pdftex.def 2020/12/27 v3.1.8b (3.1.8b)

(C:\Users\ktang3\AppData\Local\Programs\MiKTeX\tex/generic/pgf/systemlayer\pgfs
ys-common-pdf.def
File: pgfsys-common-pdf.def 2020/12/27 v3.1.8b (3.1.8b)
)))
(C:\Users\ktang3\AppData\Local\Programs\MiKTeX\tex/generic/pgf/systemlayer\pgfs
yssoftpath.code.tex
File: pgfsyssoftpath.code.tex 2020/12/27 v3.1.8b (3.1.8b)
\pgfsyssoftpath@smallbuffer@items=\count285
\pgfsyssoftpath@bigbuffer@items=\count286
)
(C:\Users\ktang3\AppData\Local\Programs\MiKTeX\tex/generic/pgf/systemlayer\pgfs
ysprotocol.code.tex
File: pgfsysprotocol.code.tex 2020/12/27 v3.1.8b (3.1.8b)
))
(C:\Users\ktang3\AppData\Local\Programs\MiKTeX\tex/latex/xcolor\xcolor.sty
Package: xcolor 2016/05/11 v2.12 LaTeX color extensions (UK)

(C:\Users\ktang3\AppData\Local\Programs\MiKTeX\tex/latex/graphics-cfg\color.cfg
File: color.cfg 2016/01/02 v1.6 sample color configuration
)
Package xcolor Info: Driver file: pdftex.def on input line 225.
LaTeX Info: Redefining \color on input line 709.
Package xcolor Info: Model `cmy' substituted by `cmy0' on input line 1348.
Package xcolor Info: Model `hsb' substituted by `rgb' on input line 1352.
Package xcolor Info: Model `RGB' extended on input line 1364.
Package xcolor Info: Model `HTML' substituted by `rgb' on input line 1366.
Package xcolor Info: Model `Hsb' substituted by `hsb' on input line 1367.
Package xcolor Info: Model `tHsb' substituted by `hsb' on input line 1368.
Package xcolor Info: Model `HSB' substituted by `hsb' on input line 1369.
Package xcolor Info: Model `Gray' substituted by `gray' on input line 1370.
Package xcolor Info: Model `wave' substituted by `hsb' on input line 1371.
)
(C:\Users\ktang3\AppData\Local\Programs\MiKTeX\tex/generic/pgf/basiclayer\pgfco
re.code.tex
Package: pgfcore 2020/12/27 v3.1.8b (3.1.8b)

(C:\Users\ktang3\AppData\Local\Programs\MiKTeX\tex/generic/pgf/math\pgfmath.cod
e.tex
(C:\Users\ktang3\AppData\Local\Programs\MiKTeX\tex/generic/pgf/math\pgfmathcalc
.code.tex
(C:\Users\ktang3\AppData\Local\Programs\MiKTeX\tex/generic/pgf/math\pgfmathutil
.code.tex)
(C:\Users\ktang3\AppData\Local\Programs\MiKTeX\tex/generic/pgf/math\pgfmathpars
er.code.tex
\pgfmath@dimen=\dimen188
\pgfmath@count=\count287
\pgfmath@box=\box57
\pgfmath@toks=\toks33
\pgfmath@stack@operand=\toks34
\pgfmath@stack@operation=\toks35
)
(C:\Users\ktang3\AppData\Local\Programs\MiKTeX\tex/generic/pgf/math\pgfmathfunc
tions.code.tex
(C:\Users\ktang3\AppData\Local\Programs\MiKTeX\tex/generic/pgf/math\pgfmathfunc
tions.basic.code.tex)
(C:\Users\ktang3\AppData\Local\Programs\MiKTeX\tex/generic/pgf/math\pgfmathfunc
tions.trigonometric.code.tex)
(C:\Users\ktang3\AppData\Local\Programs\MiKTeX\tex/generic/pgf/math\pgfmathfunc
tions.random.code.tex)
(C:\Users\ktang3\AppData\Local\Programs\MiKTeX\tex/generic/pgf/math\pgfmathfunc
tions.comparison.code.tex)
(C:\Users\ktang3\AppData\Local\Programs\MiKTeX\tex/generic/pgf/math\pgfmathfunc
tions.base.code.tex)
(C:\Users\ktang3\AppData\Local\Programs\MiKTeX\tex/generic/pgf/math\pgfmathfunc
tions.round.code.tex)
(C:\Users\ktang3\AppData\Local\Programs\MiKTeX\tex/generic/pgf/math\pgfmathfunc
tions.misc.code.tex)
(C:\Users\ktang3\AppData\Local\Programs\MiKTeX\tex/generic/pgf/math\pgfmathfunc
tions.integerarithmetics.code.tex)))
(C:\Users\ktang3\AppData\Local\Programs\MiKTeX\tex/generic/pgf/math\pgfmathfloa
t.code.tex
\c@pgfmathroundto@lastzeros=\count288
))
(C:\Users\ktang3\AppData\Local\Programs\MiKTeX\tex/generic/pgf/math\pgfint.code
.tex)
(C:\Users\ktang3\AppData\Local\Programs\MiKTeX\tex/generic/pgf/basiclayer\pgfco
repoints.code.tex
File: pgfcorepoints.code.tex 2020/12/27 v3.1.8b (3.1.8b)
\pgf@picminx=\dimen189
\pgf@picmaxx=\dimen190
\pgf@picminy=\dimen191
\pgf@picmaxy=\dimen192
\pgf@pathminx=\dimen193
\pgf@pathmaxx=\dimen194
\pgf@pathminy=\dimen195
\pgf@pathmaxy=\dimen196
\pgf@xx=\dimen197
\pgf@xy=\dimen198
\pgf@yx=\dimen199
\pgf@yy=\dimen256
\pgf@zx=\dimen257
\pgf@zy=\dimen258
)
(C:\Users\ktang3\AppData\Local\Programs\MiKTeX\tex/generic/pgf/basiclayer\pgfco
repathconstruct.code.tex
File: pgfcorepathconstruct.code.tex 2020/12/27 v3.1.8b (3.1.8b)
\pgf@path@lastx=\dimen259
\pgf@path@lasty=\dimen260
)
(C:\Users\ktang3\AppData\Local\Programs\MiKTeX\tex/generic/pgf/basiclayer\pgfco
repathusage.code.tex
File: pgfcorepathusage.code.tex 2020/12/27 v3.1.8b (3.1.8b)
\pgf@shorten@end@additional=\dimen261
\pgf@shorten@start@additional=\dimen262
)
(C:\Users\ktang3\AppData\Local\Programs\MiKTeX\tex/generic/pgf/basiclayer\pgfco
rescopes.code.tex
File: pgfcorescopes.code.tex 2020/12/27 v3.1.8b (3.1.8b)
\pgfpic=\box58
\pgf@hbox=\box59
\pgf@layerbox@main=\box60
\pgf@picture@serial@count=\count289
)
(C:\Users\ktang3\AppData\Local\Programs\MiKTeX\tex/generic/pgf/basiclayer\pgfco
regraphicstate.code.tex
File: pgfcoregraphicstate.code.tex 2020/12/27 v3.1.8b (3.1.8b)
\pgflinewidth=\dimen263
)
(C:\Users\ktang3\AppData\Local\Programs\MiKTeX\tex/generic/pgf/basiclayer\pgfco
retransformations.code.tex
File: pgfcoretransformations.code.tex 2020/12/27 v3.1.8b (3.1.8b)
\pgf@pt@x=\dimen264
\pgf@pt@y=\dimen265
\pgf@pt@temp=\dimen266
)
(C:\Users\ktang3\AppData\Local\Programs\MiKTeX\tex/generic/pgf/basiclayer\pgfco
requick.code.tex
File: pgfcorequick.code.tex 2020/12/27 v3.1.8b (3.1.8b)
)
(C:\Users\ktang3\AppData\Local\Programs\MiKTeX\tex/generic/pgf/basiclayer\pgfco
reobjects.code.tex
File: pgfcoreobjects.code.tex 2020/12/27 v3.1.8b (3.1.8b)
)
(C:\Users\ktang3\AppData\Local\Programs\MiKTeX\tex/generic/pgf/basiclayer\pgfco
repathprocessing.code.tex
File: pgfcorepathprocessing.code.tex 2020/12/27 v3.1.8b (3.1.8b)
)
(C:\Users\ktang3\AppData\Local\Programs\MiKTeX\tex/generic/pgf/basiclayer\pgfco
rearrows.code.tex
File: pgfcorearrows.code.tex 2020/12/27 v3.1.8b (3.1.8b)
\pgfarrowsep=\dimen267
)
(C:\Users\ktang3\AppData\Local\Programs\MiKTeX\tex/generic/pgf/basiclayer\pgfco
reshade.code.tex
File: pgfcoreshade.code.tex 2020/12/27 v3.1.8b (3.1.8b)
\pgf@max=\dimen268
\pgf@sys@shading@range@num=\count290
\pgf@shadingcount=\count291
)
(C:\Users\ktang3\AppData\Local\Programs\MiKTeX\tex/generic/pgf/basiclayer\pgfco
reimage.code.tex
File: pgfcoreimage.code.tex 2020/12/27 v3.1.8b (3.1.8b)

(C:\Users\ktang3\AppData\Local\Programs\MiKTeX\tex/generic/pgf/basiclayer\pgfco
reexternal.code.tex
File: pgfcoreexternal.code.tex 2020/12/27 v3.1.8b (3.1.8b)
\pgfexternal@startupbox=\box61
))
(C:\Users\ktang3\AppData\Local\Programs\MiKTeX\tex/generic/pgf/basiclayer\pgfco
relayers.code.tex
File: pgfcorelayers.code.tex 2020/12/27 v3.1.8b (3.1.8b)
)
(C:\Users\ktang3\AppData\Local\Programs\MiKTeX\tex/generic/pgf/basiclayer\pgfco
retransparency.code.tex
File: pgfcoretransparency.code.tex 2020/12/27 v3.1.8b (3.1.8b)
)
(C:\Users\ktang3\AppData\Local\Programs\MiKTeX\tex/generic/pgf/basiclayer\pgfco
repatterns.code.tex
File: pgfcorepatterns.code.tex 2020/12/27 v3.1.8b (3.1.8b)
)
(C:\Users\ktang3\AppData\Local\Programs\MiKTeX\tex/generic/pgf/basiclayer\pgfco
rerdf.code.tex
File: pgfcorerdf.code.tex 2020/12/27 v3.1.8b (3.1.8b)
)))
(C:\Users\ktang3\AppData\Local\Programs\MiKTeX\tex/generic/pgf/modules\pgfmodul
eshapes.code.tex
File: pgfmoduleshapes.code.tex 2020/12/27 v3.1.8b (3.1.8b)
\pgfnodeparttextbox=\box62
)
(C:\Users\ktang3\AppData\Local\Programs\MiKTeX\tex/generic/pgf/modules\pgfmodul
eplot.code.tex
File: pgfmoduleplot.code.tex 2020/12/27 v3.1.8b (3.1.8b)
)
(C:\Users\ktang3\AppData\Local\Programs\MiKTeX\tex/latex/pgf/compatibility\pgfc
omp-version-0-65.sty
Package: pgfcomp-version-0-65 2020/12/27 v3.1.8b (3.1.8b)
\pgf@nodesepstart=\dimen269
\pgf@nodesepend=\dimen270
)
(C:\Users\ktang3\AppData\Local\Programs\MiKTeX\tex/latex/pgf/compatibility\pgfc
omp-version-1-18.sty
Package: pgfcomp-version-1-18 2020/12/27 v3.1.8b (3.1.8b)
))
(C:\Users\ktang3\AppData\Local\Programs\MiKTeX\tex/latex/pgf/utilities\pgffor.s
ty
(C:\Users\ktang3\AppData\Local\Programs\MiKTeX\tex/latex/pgf/utilities\pgfkeys.
sty
(C:\Users\ktang3\AppData\Local\Programs\MiKTeX\tex/generic/pgf/utilities\pgfkey
s.code.tex))
(C:\Users\ktang3\AppData\Local\Programs\MiKTeX\tex/latex/pgf/math\pgfmath.sty
(C:\Users\ktang3\AppData\Local\Programs\MiKTeX\tex/generic/pgf/math\pgfmath.cod
e.tex))
(C:\Users\ktang3\AppData\Local\Programs\MiKTeX\tex/generic/pgf/utilities\pgffor
.code.tex
Package: pgffor 2020/12/27 v3.1.8b (3.1.8b)

(C:\Users\ktang3\AppData\Local\Programs\MiKTeX\tex/generic/pgf/math\pgfmath.cod
e.tex)
\pgffor@iter=\dimen271
\pgffor@skip=\dimen272
\pgffor@stack=\toks36
\pgffor@toks=\toks37
))
(C:\Users\ktang3\AppData\Local\Programs\MiKTeX\tex/generic/pgf/frontendlayer/ti
kz\tikz.code.tex
Package: tikz 2020/12/27 v3.1.8b (3.1.8b)

(C:\Users\ktang3\AppData\Local\Programs\MiKTeX\tex/generic/pgf/libraries\pgflib
raryplothandlers.code.tex
File: pgflibraryplothandlers.code.tex 2020/12/27 v3.1.8b (3.1.8b)
\pgf@plot@mark@count=\count292
\pgfplotmarksize=\dimen273
)
\tikz@lastx=\dimen274
\tikz@lasty=\dimen275
\tikz@lastxsaved=\dimen276
\tikz@lastysaved=\dimen277
\tikz@lastmovetox=\dimen278
\tikz@lastmovetoy=\dimen279
\tikzleveldistance=\dimen280
\tikzsiblingdistance=\dimen281
\tikz@figbox=\box63
\tikz@figbox@bg=\box64
\tikz@tempbox=\box65
\tikz@tempbox@bg=\box66
\tikztreelevel=\count293
\tikznumberofchildren=\count294
\tikznumberofcurrentchild=\count295
\tikz@fig@count=\count296

(C:\Users\ktang3\AppData\Local\Programs\MiKTeX\tex/generic/pgf/modules\pgfmodul
ematrix.code.tex
File: pgfmodulematrix.code.tex 2020/12/27 v3.1.8b (3.1.8b)
\pgfmatrixcurrentrow=\count297
\pgfmatrixcurrentcolumn=\count298
\pgf@matrix@numberofcolumns=\count299
)
\tikz@expandcount=\count300

(C:\Users\ktang3\AppData\Local\Programs\MiKTeX\tex/generic/pgf/frontendlayer/ti
kz/libraries\tikzlibrarytopaths.code.tex
File: tikzlibrarytopaths.code.tex 2020/12/27 v3.1.8b (3.1.8b)
)))
(C:\Users\ktang3\AppData\Local\Programs\MiKTeX\tex/latex/latex-tools\xspace.sty
Package: xspace 2014/10/28 v1.13 Space after command names (DPC,MH)
)
(C:\Users\ktang3\AppData\Local\Programs\MiKTeX\tex/latex/l3packages/l3keys2e\l3
keys2e.sty
Package: l3keys2e 2021-03-12 LaTeX2e option processing using LaTeX3 keys
)
(C:\Users\ktang3\AppData\Local\Programs\MiKTeX\tex/generic/pgf/frontendlayer/ti
kz/libraries\tikzlibraryarrows.code.tex
File: tikzlibraryarrows.code.tex 2020/12/27 v3.1.8b (3.1.8b)

(C:\Users\ktang3\AppData\Local\Programs\MiKTeX\tex/generic/pgf/libraries\pgflib
raryarrows.code.tex
File: pgflibraryarrows.code.tex 2020/12/27 v3.1.8b (3.1.8b)
\arrowsize=\dimen282
))
(C:\Users\ktang3\AppData\Local\Programs\MiKTeX\tex/generic/pgf/frontendlayer/ti
kz/libraries\tikzlibrarydecorations.pathmorphing.code.tex
(C:\Users\ktang3\AppData\Local\Programs\MiKTeX\tex/generic/pgf/frontendlayer/ti
kz/libraries\tikzlibrarydecorations.code.tex
(C:\Users\ktang3\AppData\Local\Programs\MiKTeX\tex/generic/pgf/modules\pgfmodul
edecorations.code.tex
\pgfdecoratedcompleteddistance=\dimen283
\pgfdecoratedremainingdistance=\dimen284
\pgfdecoratedinputsegmentcompleteddistance=\dimen285
\pgfdecoratedinputsegmentremainingdistance=\dimen286
\pgf@decorate@distancetomove=\dimen287
\pgf@decorate@repeatstate=\count301
\pgfdecorationsegmentamplitude=\dimen288
\pgfdecorationsegmentlength=\dimen289
)
\tikz@lib@dec@box=\box67
)
(C:\Users\ktang3\AppData\Local\Programs\MiKTeX\tex/generic/pgf/libraries/decora
tions\pgflibrarydecorations.pathmorphing.code.tex))
(C:\Users\ktang3\AppData\Local\Programs\MiKTeX\tex/generic/pgf/frontendlayer/ti
kz/libraries\tikzlibrarytrees.code.tex
File: tikzlibrarytrees.code.tex 2020/12/27 v3.1.8b (3.1.8b)
)
\l__tikzsymbols_Moai_thickness_dim=\dimen290
)
LaTeX Font Info:    Trying to load font information for OT1+ptm on input line 3
3.

(C:\Users\ktang3\AppData\Local\Programs\MiKTeX\tex/latex/psnfss\ot1ptm.fd
File: ot1ptm.fd 2001/06/04 font definitions for OT1/ptm.
)
(15.aux)
\openout1 = `15.aux'.

LaTeX Font Info:    Checking defaults for OML/cmm/m/it on input line 33.
LaTeX Font Info:    ... okay on input line 33.
LaTeX Font Info:    Checking defaults for OMS/cmsy/m/n on input line 33.
LaTeX Font Info:    ... okay on input line 33.
LaTeX Font Info:    Checking defaults for OT1/cmr/m/n on input line 33.
LaTeX Font Info:    ... okay on input line 33.
LaTeX Font Info:    Checking defaults for T1/cmr/m/n on input line 33.
LaTeX Font Info:    ... okay on input line 33.
LaTeX Font Info:    Checking defaults for TS1/cmr/m/n on input line 33.
LaTeX Font Info:    ... okay on input line 33.
LaTeX Font Info:    Checking defaults for OMX/cmex/m/n on input line 33.
LaTeX Font Info:    ... okay on input line 33.
LaTeX Font Info:    Checking defaults for U/cmr/m/n on input line 33.
LaTeX Font Info:    ... okay on input line 33.

(C:\Users\ktang3\AppData\Local\Programs\MiKTeX\tex/context/base/mkii\supp-pdf.m
kii
[Loading MPS to PDF converter (version 2006.09.02).]
\scratchcounter=\count302
\scratchdimen=\dimen291
\scratchbox=\box68
\nofMPsegments=\count303
\nofMParguments=\count304
\everyMPshowfont=\toks38
\MPscratchCnt=\count305
\MPscratchDim=\dimen292
\MPnumerator=\count306
\makeMPintoPDFobject=\count307
\everyMPtoPDFconversion=\toks39
)
(C:\Users\ktang3\AppData\Local\Programs\MiKTeX\tex/latex/epstopdf-pkg\epstopdf-
base.sty
Package: epstopdf-base 2020-01-24 v2.11 Base part for package epstopdf
Package epstopdf-base Info: Redefining graphics rule for `.eps' on input line 4
85.

(C:\Users\ktang3\AppData\Local\Programs\MiKTeX\tex/latex/00miktex\epstopdf-sys.
cfg
File: epstopdf-sys.cfg 2021/03/18 v2.0 Configuration of epstopdf for MiKTeX
))
Package caption Info: Begin \AtBeginDocument code.
Package caption Info: wrapfig package is loaded.
Package caption Info: End \AtBeginDocument code.

(C:\Users\ktang3\AppData\Local\Programs\MiKTeX\tex/latex/pdflscape\pdflscape.st
y
Package: pdflscape 2019/12/05 v0.12 Display of landscape pages in PDF (HO)
 (C:\Users\ktang3\AppData\Local\Programs\MiKTeX\tex/generic/iftex\iftex.sty
Package: iftex 2020/03/06 v1.0d TeX engine tests
)
(C:\Users\ktang3\AppData\Local\Programs\MiKTeX\tex/latex/graphics\lscape.sty
Package: lscape 2020/05/28 v3.02 Landscape Pages (DPC)
)
Package pdflscape Info: Auto-detected driver: pdftex on input line 81.
)
LaTeX Font Info:    Trying to load font information for TS1+ptm on input line 3
6.

(C:\Users\ktang3\AppData\Local\Programs\MiKTeX\tex/latex/psnfss\ts1ptm.fd
File: ts1ptm.fd 2001/06/04 font definitions for TS1/ptm.
)
LaTeX Font Info:    Trying to load font information for U+msa on input line 40.


(C:\Users\ktang3\AppData\Local\Programs\MiKTeX\tex/latex/amsfonts\umsa.fd
File: umsa.fd 2013/01/14 v3.01 AMS symbols A
)
LaTeX Font Info:    Trying to load font information for U+msb on input line 40.


(C:\Users\ktang3\AppData\Local\Programs\MiKTeX\tex/latex/amsfonts\umsb.fd
File: umsb.fd 2013/01/14 v3.01 AMS symbols B
)
LaTeX Font Info:    Trying to load font information for U+lasy on input line 40
.

(C:\Users\ktang3\AppData\Local\Programs\MiKTeX\tex/latex/base\ulasy.fd
File: ulasy.fd 1998/08/17 v2.2e LaTeX symbol font definitions
)
LaTeX Font Info:    Font shape `U/lasy/b/n' in size <8> not available
(Font)              Font shape `U/lasy/m/n' tried instead on input line 43.
LaTeX Font Info:    Font shape `U/lasy/b/n' in size <6> not available
(Font)              Font shape `U/lasy/m/n' tried instead on input line 43.
<../Rmd_RW_only_5-74_LQinit_spline/Namibia spline.pdf, id=4, 614.295pt x 794.97
pt>
File: ../Rmd_RW_only_5-74_LQinit_spline/Namibia spline.pdf Graphic file (type p
df)
<use ../Rmd_RW_only_5-74_LQinit_spline/Namibia spline.pdf>
Package pdftex.def Info: ../Rmd_RW_only_5-74_LQinit_spline/Namibia spline.pdf  
used on input line 69.
(pdftex.def)             Requested size: 614.29349pt x 794.96806pt.
File: ../Rmd_RW_only_5-74_LQinit_spline/Namibia spline.pdf Graphic file (type p
df)
<use ../Rmd_RW_only_5-74_LQinit_spline/Namibia spline.pdf>
Package pdftex.def Info: ../Rmd_RW_only_5-74_LQinit_spline/Namibia spline.pdf  
used on input line 69.
(pdftex.def)             Requested size: 614.29349pt x 794.96806pt.
<../Rmd_RW_only_5-74_LQinit_spline/Namibia spline.pdf, id=7, page=1, 614.295pt 
x 794.97pt>
File: ../Rmd_RW_only_5-74_LQinit_spline/Namibia spline.pdf Graphic file (type p
df)
<use ../Rmd_RW_only_5-74_LQinit_spline/Namibia spline.pdf, page 1>
Package pdftex.def Info: ../Rmd_RW_only_5-74_LQinit_spline/Namibia spline.pdf ,
 page1 used on input line 69.
(pdftex.def)             Requested size: 614.29349pt x 794.96806pt.
File: ../Rmd_RW_only_5-74_LQinit_spline/Namibia spline.pdf Graphic file (type p
df)
<use ../Rmd_RW_only_5-74_LQinit_spline/Namibia spline.pdf, page 1>
Package pdftex.def Info: ../Rmd_RW_only_5-74_LQinit_spline/Namibia spline.pdf ,
 page1 used on input line 69.
(pdftex.def)             Requested size: 597.78697pt x 773.60669pt.

[1

{C:/Users/ktang3/AppData/Local/MiKTeX/pdftex/config/pdftex.map}]
File: ../Rmd_RW_only_5-74_LQinit_spline/Namibia spline.pdf Graphic file (type p
df)
<use ../Rmd_RW_only_5-74_LQinit_spline/Namibia spline.pdf, page 1>
Package pdftex.def Info: ../Rmd_RW_only_5-74_LQinit_spline/Namibia spline.pdf ,
 page1 used on input line 69.
(pdftex.def)             Requested size: 597.78697pt x 773.60669pt.
File: ../Rmd_RW_only_5-74_LQinit_spline/Namibia spline.pdf Graphic file (type p
df)
<use ../Rmd_RW_only_5-74_LQinit_spline/Namibia spline.pdf, page 1>
Package pdftex.def Info: ../Rmd_RW_only_5-74_LQinit_spline/Namibia spline.pdf ,
 page1 used on input line 69.
(pdftex.def)             Requested size: 597.78697pt x 773.60669pt.
File: ../Rmd_RW_only_5-74_LQinit_spline/Namibia spline.pdf Graphic file (type p
df)
<use ../Rmd_RW_only_5-74_LQinit_spline/Namibia spline.pdf, page 1>
Package pdftex.def Info: ../Rmd_RW_only_5-74_LQinit_spline/Namibia spline.pdf ,
 page1 used on input line 69.
(pdftex.def)             Requested size: 597.78697pt x 773.60669pt.
 [2 <../Rmd_RW_only_5-74_LQinit_spline/Namibia spline.pdf>]
<../Rmd_RW_only_5-74_LQinit_spline/Namibia spline.pdf, id=52, page=2, 614.295pt
 x 794.97pt>
File: ../Rmd_RW_only_5-74_LQinit_spline/Namibia spline.pdf Graphic file (type p
df)
<use ../Rmd_RW_only_5-74_LQinit_spline/Namibia spline.pdf, page 2>
Package pdftex.def Info: ../Rmd_RW_only_5-74_LQinit_spline/Namibia spline.pdf ,
 page2 used on input line 69.
(pdftex.def)             Requested size: 597.78697pt x 773.60669pt.
File: ../Rmd_RW_only_5-74_LQinit_spline/Namibia spline.pdf Graphic file (type p
df)
<use ../Rmd_RW_only_5-74_LQinit_spline/Namibia spline.pdf, page 2>
Package pdftex.def Info: ../Rmd_RW_only_5-74_LQinit_spline/Namibia spline.pdf ,
 page2 used on input line 69.
(pdftex.def)             Requested size: 597.78697pt x 773.60669pt.
File: ../Rmd_RW_only_5-74_LQinit_spline/Namibia spline.pdf Graphic file (type p
df)
<use ../Rmd_RW_only_5-74_LQinit_spline/Namibia spline.pdf, page 2>
Package pdftex.def Info: ../Rmd_RW_only_5-74_LQinit_spline/Namibia spline.pdf ,
 page2 used on input line 69.
(pdftex.def)             Requested size: 597.78697pt x 773.60669pt.
 [3 <../Rmd_RW_only_5-74_LQinit_spline/Namibia spline.pdf>]
<../Rmd_RW_only_5-74_LQinit_spline/Namibia spline.pdf, id=66, page=3, 614.295pt
 x 794.97pt>
File: ../Rmd_RW_only_5-74_LQinit_spline/Namibia spline.pdf Graphic file (type p
df)
<use ../Rmd_RW_only_5-74_LQinit_spline/Namibia spline.pdf, page 3>
Package pdftex.def Info: ../Rmd_RW_only_5-74_LQinit_spline/Namibia spline.pdf ,
 page3 used on input line 69.
(pdftex.def)             Requested size: 597.78697pt x 773.60669pt.
File: ../Rmd_RW_only_5-74_LQinit_spline/Namibia spline.pdf Graphic file (type p
df)
<use ../Rmd_RW_only_5-74_LQinit_spline/Namibia spline.pdf, page 3>
Package pdftex.def Info: ../Rmd_RW_only_5-74_LQinit_spline/Namibia spline.pdf ,
 page3 used on input line 69.
(pdftex.def)             Requested size: 597.78697pt x 773.60669pt.
File: ../Rmd_RW_only_5-74_LQinit_spline/Namibia spline.pdf Graphic file (type p
df)
<use ../Rmd_RW_only_5-74_LQinit_spline/Namibia spline.pdf, page 3>
Package pdftex.def Info: ../Rmd_RW_only_5-74_LQinit_spline/Namibia spline.pdf ,
 page3 used on input line 69.
(pdftex.def)             Requested size: 597.78697pt x 773.60669pt.
 [4 <../Rmd_RW_only_5-74_LQinit_spline/Namibia spline.pdf>]
<../Rmd_RW_only_5-74_LQinit_spline/Namibia spline.pdf, id=90, page=4, 614.295pt
 x 794.97pt>
File: ../Rmd_RW_only_5-74_LQinit_spline/Namibia spline.pdf Graphic file (type p
df)
<use ../Rmd_RW_only_5-74_LQinit_spline/Namibia spline.pdf, page 4>
Package pdftex.def Info: ../Rmd_RW_only_5-74_LQinit_spline/Namibia spline.pdf ,
 page4 used on input line 69.
(pdftex.def)             Requested size: 597.78697pt x 773.60669pt.
File: ../Rmd_RW_only_5-74_LQinit_spline/Namibia spline.pdf Graphic file (type p
df)
<use ../Rmd_RW_only_5-74_LQinit_spline/Namibia spline.pdf, page 4>
Package pdftex.def Info: ../Rmd_RW_only_5-74_LQinit_spline/Namibia spline.pdf ,
 page4 used on input line 69.
(pdftex.def)             Requested size: 597.78697pt x 773.60669pt.
File: ../Rmd_RW_only_5-74_LQinit_spline/Namibia spline.pdf Graphic file (type p
df)
<use ../Rmd_RW_only_5-74_LQinit_spline/Namibia spline.pdf, page 4>
Package pdftex.def Info: ../Rmd_RW_only_5-74_LQinit_spline/Namibia spline.pdf ,
 page4 used on input line 69.
(pdftex.def)             Requested size: 597.78697pt x 773.60669pt.
 [5 <../Rmd_RW_only_5-74_LQinit_spline/Namibia spline.pdf>]
<../Rmd_RW_only_5-74_LQinit_spline/Namibia spline.pdf, id=115, page=5, 614.295p
t x 794.97pt>
File: ../Rmd_RW_only_5-74_LQinit_spline/Namibia spline.pdf Graphic file (type p
df)
<use ../Rmd_RW_only_5-74_LQinit_spline/Namibia spline.pdf, page 5>
Package pdftex.def Info: ../Rmd_RW_only_5-74_LQinit_spline/Namibia spline.pdf ,
 page5 used on input line 69.
(pdftex.def)             Requested size: 597.78697pt x 773.60669pt.
File: ../Rmd_RW_only_5-74_LQinit_spline/Namibia spline.pdf Graphic file (type p
df)
<use ../Rmd_RW_only_5-74_LQinit_spline/Namibia spline.pdf, page 5>
Package pdftex.def Info: ../Rmd_RW_only_5-74_LQinit_spline/Namibia spline.pdf ,
 page5 used on input line 69.
(pdftex.def)             Requested size: 597.78697pt x 773.60669pt.
File: ../Rmd_RW_only_5-74_LQinit_spline/Namibia spline.pdf Graphic file (type p
df)
<use ../Rmd_RW_only_5-74_LQinit_spline/Namibia spline.pdf, page 5>
Package pdftex.def Info: ../Rmd_RW_only_5-74_LQinit_spline/Namibia spline.pdf ,
 page5 used on input line 69.
(pdftex.def)             Requested size: 597.78697pt x 773.60669pt.
 [6 <../Rmd_RW_only_5-74_LQinit_spline/Namibia spline.pdf>]
<../Rmd_RW_only_5-74_LQinit_spline/Namibia spline.pdf, id=140, page=6, 614.295p
t x 794.97pt>
File: ../Rmd_RW_only_5-74_LQinit_spline/Namibia spline.pdf Graphic file (type p
df)
<use ../Rmd_RW_only_5-74_LQinit_spline/Namibia spline.pdf, page 6>
Package pdftex.def Info: ../Rmd_RW_only_5-74_LQinit_spline/Namibia spline.pdf ,
 page6 used on input line 69.
(pdftex.def)             Requested size: 597.78697pt x 773.60669pt.
File: ../Rmd_RW_only_5-74_LQinit_spline/Namibia spline.pdf Graphic file (type p
df)
<use ../Rmd_RW_only_5-74_LQinit_spline/Namibia spline.pdf, page 6>
Package pdftex.def Info: ../Rmd_RW_only_5-74_LQinit_spline/Namibia spline.pdf ,
 page6 used on input line 69.
(pdftex.def)             Requested size: 597.78697pt x 773.60669pt.
File: ../Rmd_RW_only_5-74_LQinit_spline/Namibia spline.pdf Graphic file (type p
df)
<use ../Rmd_RW_only_5-74_LQinit_spline/Namibia spline.pdf, page 6>
Package pdftex.def Info: ../Rmd_RW_only_5-74_LQinit_spline/Namibia spline.pdf ,
 page6 used on input line 69.
(pdftex.def)             Requested size: 597.78697pt x 773.60669pt.
 [7 <../Rmd_RW_only_5-74_LQinit_spline/Namibia spline.pdf>]
<../Rmd_RW_only_5-74_LQinit_spline/Namibia spline.pdf, id=157, page=7, 614.295p
t x 794.97pt>
File: ../Rmd_RW_only_5-74_LQinit_spline/Namibia spline.pdf Graphic file (type p
df)
<use ../Rmd_RW_only_5-74_LQinit_spline/Namibia spline.pdf, page 7>
Package pdftex.def Info: ../Rmd_RW_only_5-74_LQinit_spline/Namibia spline.pdf ,
 page7 used on input line 69.
(pdftex.def)             Requested size: 597.78697pt x 773.60669pt.
File: ../Rmd_RW_only_5-74_LQinit_spline/Namibia spline.pdf Graphic file (type p
df)
<use ../Rmd_RW_only_5-74_LQinit_spline/Namibia spline.pdf, page 7>
Package pdftex.def Info: ../Rmd_RW_only_5-74_LQinit_spline/Namibia spline.pdf ,
 page7 used on input line 69.
(pdftex.def)             Requested size: 597.78697pt x 773.60669pt.
File: ../Rmd_RW_only_5-74_LQinit_spline/Namibia spline.pdf Graphic file (type p
df)
<use ../Rmd_RW_only_5-74_LQinit_spline/Namibia spline.pdf, page 7>
Package pdftex.def Info: ../Rmd_RW_only_5-74_LQinit_spline/Namibia spline.pdf ,
 page7 used on input line 69.
(pdftex.def)             Requested size: 597.78697pt x 773.60669pt.
 [8 <../Rmd_RW_only_5-74_LQinit_spline/Namibia spline.pdf>]
<../Rmd_RW_only_5-74_LQinit_spline/Namibia spline.pdf, id=179, page=8, 614.295p
t x 794.97pt>
File: ../Rmd_RW_only_5-74_LQinit_spline/Namibia spline.pdf Graphic file (type p
df)
<use ../Rmd_RW_only_5-74_LQinit_spline/Namibia spline.pdf, page 8>
Package pdftex.def Info: ../Rmd_RW_only_5-74_LQinit_spline/Namibia spline.pdf ,
 page8 used on input line 69.
(pdftex.def)             Requested size: 597.78697pt x 773.60669pt.
File: ../Rmd_RW_only_5-74_LQinit_spline/Namibia spline.pdf Graphic file (type p
df)
<use ../Rmd_RW_only_5-74_LQinit_spline/Namibia spline.pdf, page 8>
Package pdftex.def Info: ../Rmd_RW_only_5-74_LQinit_spline/Namibia spline.pdf ,
 page8 used on input line 69.
(pdftex.def)             Requested size: 597.78697pt x 773.60669pt.
File: ../Rmd_RW_only_5-74_LQinit_spline/Namibia spline.pdf Graphic file (type p
df)
<use ../Rmd_RW_only_5-74_LQinit_spline/Namibia spline.pdf, page 8>
Package pdftex.def Info: ../Rmd_RW_only_5-74_LQinit_spline/Namibia spline.pdf ,
 page8 used on input line 69.
(pdftex.def)             Requested size: 597.78697pt x 773.60669pt.
 [9 <../Rmd_RW_only_5-74_LQinit_spline/Namibia spline.pdf>]
<../Rmd_RW_only_5-74_LQinit_spline/Namibia spline.pdf, id=201, page=9, 614.295p
t x 794.97pt>
File: ../Rmd_RW_only_5-74_LQinit_spline/Namibia spline.pdf Graphic file (type p
df)
<use ../Rmd_RW_only_5-74_LQinit_spline/Namibia spline.pdf, page 9>
Package pdftex.def Info: ../Rmd_RW_only_5-74_LQinit_spline/Namibia spline.pdf ,
 page9 used on input line 69.
(pdftex.def)             Requested size: 597.78697pt x 773.60669pt.
File: ../Rmd_RW_only_5-74_LQinit_spline/Namibia spline.pdf Graphic file (type p
df)
<use ../Rmd_RW_only_5-74_LQinit_spline/Namibia spline.pdf, page 9>
Package pdftex.def Info: ../Rmd_RW_only_5-74_LQinit_spline/Namibia spline.pdf ,
 page9 used on input line 69.
(pdftex.def)             Requested size: 597.78697pt x 773.60669pt.
File: ../Rmd_RW_only_5-74_LQinit_spline/Namibia spline.pdf Graphic file (type p
df)
<use ../Rmd_RW_only_5-74_LQinit_spline/Namibia spline.pdf, page 9>
Package pdftex.def Info: ../Rmd_RW_only_5-74_LQinit_spline/Namibia spline.pdf ,
 page9 used on input line 69.
(pdftex.def)             Requested size: 597.78697pt x 773.60669pt.
 [10 <../Rmd_RW_only_5-74_LQinit_spline/Namibia spline.pdf>]
<../Rmd_RW_only_5-74_LQinit_spline/Namibia spline.pdf, id=224, page=10, 614.295
pt x 794.97pt>
File: ../Rmd_RW_only_5-74_LQinit_spline/Namibia spline.pdf Graphic file (type p
df)
<use ../Rmd_RW_only_5-74_LQinit_spline/Namibia spline.pdf, page 10>
Package pdftex.def Info: ../Rmd_RW_only_5-74_LQinit_spline/Namibia spline.pdf ,
 page10 used on input line 69.
(pdftex.def)             Requested size: 597.78697pt x 773.60669pt.
File: ../Rmd_RW_only_5-74_LQinit_spline/Namibia spline.pdf Graphic file (type p
df)
<use ../Rmd_RW_only_5-74_LQinit_spline/Namibia spline.pdf, page 10>
Package pdftex.def Info: ../Rmd_RW_only_5-74_LQinit_spline/Namibia spline.pdf ,
 page10 used on input line 69.
(pdftex.def)             Requested size: 597.78697pt x 773.60669pt.
File: ../Rmd_RW_only_5-74_LQinit_spline/Namibia spline.pdf Graphic file (type p
df)
<use ../Rmd_RW_only_5-74_LQinit_spline/Namibia spline.pdf, page 10>
Package pdftex.def Info: ../Rmd_RW_only_5-74_LQinit_spline/Namibia spline.pdf ,
 page10 used on input line 69.
(pdftex.def)             Requested size: 597.78697pt x 773.60669pt.
 [11 <../Rmd_RW_only_5-74_LQinit_spline/Namibia spline.pdf>]
<../Rmd_RW_only_5-74_LQinit_spline/Namibia spline.pdf, id=248, page=11, 614.295
pt x 794.97pt>
File: ../Rmd_RW_only_5-74_LQinit_spline/Namibia spline.pdf Graphic file (type p
df)
<use ../Rmd_RW_only_5-74_LQinit_spline/Namibia spline.pdf, page 11>
Package pdftex.def Info: ../Rmd_RW_only_5-74_LQinit_spline/Namibia spline.pdf ,
 page11 used on input line 69.
(pdftex.def)             Requested size: 597.78697pt x 773.60669pt.
File: ../Rmd_RW_only_5-74_LQinit_spline/Namibia spline.pdf Graphic file (type p
df)
<use ../Rmd_RW_only_5-74_LQinit_spline/Namibia spline.pdf, page 11>
Package pdftex.def Info: ../Rmd_RW_only_5-74_LQinit_spline/Namibia spline.pdf ,
 page11 used on input line 69.
(pdftex.def)             Requested size: 597.78697pt x 773.60669pt.
File: ../Rmd_RW_only_5-74_LQinit_spline/Namibia spline.pdf Graphic file (type p
df)
<use ../Rmd_RW_only_5-74_LQinit_spline/Namibia spline.pdf, page 11>
Package pdftex.def Info: ../Rmd_RW_only_5-74_LQinit_spline/Namibia spline.pdf ,
 page11 used on input line 69.
(pdftex.def)             Requested size: 597.78697pt x 773.60669pt.
 [12 <../Rmd_RW_only_5-74_LQinit_spline/Namibia spline.pdf>]
<../Rmd_RW_only_5-74_LQinit_spline/Namibia spline.pdf, id=271, page=12, 614.295
pt x 794.97pt>
File: ../Rmd_RW_only_5-74_LQinit_spline/Namibia spline.pdf Graphic file (type p
df)
<use ../Rmd_RW_only_5-74_LQinit_spline/Namibia spline.pdf, page 12>
Package pdftex.def Info: ../Rmd_RW_only_5-74_LQinit_spline/Namibia spline.pdf ,
 page12 used on input line 69.
(pdftex.def)             Requested size: 597.78697pt x 773.60669pt.
File: ../Rmd_RW_only_5-74_LQinit_spline/Namibia spline.pdf Graphic file (type p
df)
<use ../Rmd_RW_only_5-74_LQinit_spline/Namibia spline.pdf, page 12>
Package pdftex.def Info: ../Rmd_RW_only_5-74_LQinit_spline/Namibia spline.pdf ,
 page12 used on input line 69.
(pdftex.def)             Requested size: 597.78697pt x 773.60669pt.
File: ../Rmd_RW_only_5-74_LQinit_spline/Namibia spline.pdf Graphic file (type p
df)
<use ../Rmd_RW_only_5-74_LQinit_spline/Namibia spline.pdf, page 12>
Package pdftex.def Info: ../Rmd_RW_only_5-74_LQinit_spline/Namibia spline.pdf ,
 page12 used on input line 69.
(pdftex.def)             Requested size: 597.78697pt x 773.60669pt.
 [13 <../Rmd_RW_only_5-74_LQinit_spline/Namibia spline.pdf>]

Package caption Warning: Unused \captionsetup[sub] on input line 18.
See the caption package documentation for explanation.

(15.aux) ) 
Here is how much of TeX's memory you used:
 17660 strings out of 479321
 360749 string characters out of 2856107
 660456 words of memory out of 3000000
 34762 multiletter control sequences out of 15000+600000
 413167 words of font info for 61 fonts, out of 8000000 for 9000
 1141 hyphenation exceptions out of 8191
 102i,17n,103p,449b,425s stack positions out of 5000i,500n,10000p,200000b,80000s
{C:/Users/ktang3/AppData/Local/Programs/MiKTeX/fonts/enc/dvips/base/8
r.enc}<C:/Users/ktang3/AppData/Local/Programs/MiKTeX/fonts/type1/public/amsfont
s/cm/cmbsy10.pfb><C:/Users/ktang3/AppData/Local/Programs/MiKTeX/fonts/type1/pub
lic/amsfonts/cmextra/cmbsy8.pfb><C:/Users/ktang3/AppData/Local/Programs/MiKTeX/
fonts/type1/public/amsfonts/cm/cmbx12.pfb><C:/Users/ktang3/AppData/Local/Progra
ms/MiKTeX/fonts/type1/public/amsfonts/cm/cmmi12.pfb><C:/Users/ktang3/AppData/Lo
cal/Programs/MiKTeX/fonts/type1/public/amsfonts/cm/cmmi6.pfb><C:/Users/ktang3/A
ppData/Local/Programs/MiKTeX/fonts/type1/public/amsfonts/cm/cmmi8.pfb><C:/Users
/ktang3/AppData/Local/Programs/MiKTeX/fonts/type1/public/amsfonts/cm/cmmib10.pf
b><C:/Users/ktang3/AppData/Local/Programs/MiKTeX/fonts/type1/public/amsfonts/cm
extra/cmmib8.pfb><C:/Users/ktang3/AppData/Local/Programs/MiKTeX/fonts/type1/pub
lic/amsfonts/cm/cmr12.pfb><C:/Users/ktang3/AppData/Local/Programs/MiKTeX/fonts/
type1/public/amsfonts/cm/cmr8.pfb><C:/Users/ktang3/AppData/Local/Programs/MiKTe
X/fonts/type1/public/amsfonts/cm/cmsy10.pfb><C:/Users/ktang3/AppData/Local/Prog
rams/MiKTeX/fonts/type1/public/amsfonts/cm/cmsy8.pfb><C:/Users/ktang3/AppData/L
ocal/Programs/MiKTeX/fonts/type1/public/lm/lmbx12.pfb><C:/Users/ktang3/AppData/
Local/Programs/MiKTeX/fonts/type1/public/lm/lmbxi10.pfb><C:/Users/ktang3/AppDat
a/Local/Programs/MiKTeX/fonts/type1/public/lm/lmmi10.pfb><C:/Users/ktang3/AppDa
ta/Local/Programs/MiKTeX/fonts/type1/public/lm/lmr10.pfb><C:/Users/ktang3/AppDa
ta/Local/Programs/MiKTeX/fonts/type1/public/lm/lmr7.pfb><C:/Users/ktang3/AppDat
a/Local/Programs/MiKTeX/fonts/type1/public/lm/lmtt10.pfb><C:/Users/ktang3/AppDa
ta/Local/Programs/MiKTeX/fonts/type1/urw/times/utmr8a.pfb>
Output written on 15.pdf (13 pages, 1382796 bytes).
PDF statistics:
 334 PDF objects out of 1000 (max. 8388607)
 0 named destinations out of 1000 (max. 500000)
 88 words of extra memory for PDF output out of 10000 (max. 10000000)

